<?xml version="1.0" encoding="UTF-8" standalone="yes" ?>
<test-results name="C:\Users\User\Documents\GitHub\internet_bookstore\Output\Bin\Win32\Debug\InternetBookstoreTest.exe" total="18" errors="0" failures="0" ignored="0" inconclusive="0" not-run="0" skipped="0" invalid="0" date="2023-09-05" time="0.333">
  <culture-info current-culture="en" current-uiculture="en" />
  <test-suite type="Assembly" name="InternetBookstoreTest.exe" executed="true" result="Success" success="True" time="0.333" asserts="0">
    <results>
        <test-suite type="Namespace" name="BookDetailsPresenterTest" executed="true" result="Success" success="True" time="0.333" asserts="0" >
          <results>
              <test-suite type="Fixture" name="TBookDetailsPresenterTest" executed="True" result="Success" success="True" time="0.333" >
                <results>
                  <test-case name="Test_DisplayBookDetails_PassSelectedBookToBookDetailsView_FieldsEqual" executed="True" result="Success" success="True" time="0.000" asserts="0" />
                  <test-case name="Test_WriteReview_WriteReviewViewPresenterCreation_WillNotRaise" executed="True" result="Success" success="True" time="0.011" asserts="0" />
                </results>
              </test-suite>
          </results>
        </test-suite>
        <test-suite type="Namespace" name="MainPresenterTest" executed="true" result="Success" success="True" time="0.298" asserts="0" >
          <results>
              <test-suite type="Fixture" name="TMainPresenterTest" executed="True" result="Success" success="True" time="0.298" >
                <results>
                  <test-case name="Test_LoadBooks_BookList_NotNil" executed="True" result="Success" success="True" time="0.000" asserts="0" />
                  <test-case name="Test_ShowBookDetails_BookDetailsViewPresenterCreation_WillNotRaise" executed="True" result="Success" success="True" time="0.000" asserts="0" />
                </results>
              </test-suite>
          </results>
        </test-suite>
        <test-suite type="Namespace" name="BookServiceTest" executed="true" result="Success" success="True" time="0.219" asserts="0" >
          <results>
              <test-suite type="Fixture" name="TBookServiceTest" executed="True" result="Success" success="True" time="0.219" >
                <results>
                  <test-case name="Test_CreateBook_NewBook_Inserted" executed="True" result="Success" success="True" time="0.000" asserts="0" />
                  <test-case name="Test_GetBooks_BookList_NotNil" executed="True" result="Success" success="True" time="0.000" asserts="0" />
                  <test-case name="TestGetBookById" executed="True" result="Success" success="True" time="0.000" asserts="0" />
                  <test-case name="Test_UpdateBook_NewBookDetails_EqualToNewDetails" executed="True" result="Success" success="True" time="0.000" asserts="0" />
                  <test-case name="Test_DeleteBook_BookId_NotInDatabase" executed="True" result="Success" success="True" time="0.000" asserts="0" />
                  <test-case name="TestInputValidation.Test_Fields_Not_Empty" executed="True" result="Success" success="True" time="0.000" asserts="0" />
                </results>
              </test-suite>
          </results>
        </test-suite>
        <test-suite type="Namespace" name="WriteReviewPresenterTest" executed="true" result="Success" success="True" time="0.095" asserts="0" >
          <results>
              <test-suite type="Fixture" name="TWriteReviewPresenterTest" executed="True" result="Success" success="True" time="0.095" >
                <results>
                  <test-case name="Test_InitializeView_WriteReviewDisplayed_Equal" executed="True" result="Success" success="True" time="0.000" asserts="0" />
                  <test-case name="Test_SubmitReview_ValidationAndLogic_WillNotRaise" executed="True" result="Success" success="True" time="0.000" asserts="0" />
                </results>
              </test-suite>
          </results>
        </test-suite>
        <test-suite type="Namespace" name="CustomerReviewServiceTest" executed="true" result="Success" success="True" time="0.068" asserts="0" >
          <results>
              <test-suite type="Fixture" name="TCustomerReviewServiceTest" executed="True" result="Success" success="True" time="0.068" >
                <results>
                  <test-case name="Test_CreateCustomerReview_NewCustomerReview_Inserted" executed="True" result="Success" success="True" time="0.000" asserts="0" />
                  <test-case name="Test_CreateCustomerReview_RatingInRange_PassValidation.Test_Rating_In_Range" executed="True" result="Success" success="True" time="0.000" asserts="0" />
                  <test-case name="Test_CreateCustomerReview_RatingNotInRange_FailValidation.Test_Zero_Rating" executed="True" result="Success" success="True" time="0.000" asserts="0" />
                  <test-case name="Test_CreateCustomerReview_RatingNotInRange_FailValidation.Test_Negative_Rating" executed="True" result="Success" success="True" time="0.000" asserts="0" />
                  <test-case name="Test_CreateCustomerReview_IsTooShort_FailValidation.Test_Empty_Review" executed="True" result="Success" success="True" time="0.000" asserts="0" />
                  <test-case name="Test_CreateCustomerReview_IsTooShort_FailValidation.Test_Review_4_Characters_Only" executed="True" result="Success" success="True" time="0.000" asserts="0" />
                </results>
              </test-suite>
          </results>
        </test-suite>
    </results>
  </test-suite>
</test-results>
