<?xml version="1.0" encoding="UTF-8" standalone="yes" ?>
<test-results name="C:\Users\Emmy-chwaan\Desktop\internet_bookstore\UnitTest\Win32\Debug\InternetBookstoreTest.exe" total="21" errors="0" failures="0" ignored="0" inconclusive="0" not-run="0" skipped="0" invalid="0" date="2023-09-04" time="0.246">
  <culture-info current-culture="en" current-uiculture="en" />
  <test-suite type="Assembly" name="InternetBookstoreTest.exe" executed="true" result="Success" success="True" time="0.246" asserts="0">
    <results>
        <test-suite type="Namespace" name="BookDetailsPresenterTest" executed="true" result="Success" success="True" time="0.246" asserts="0" >
          <results>
              <test-suite type="Fixture" name="TBookDetailsPresenterTest" executed="True" result="Success" success="True" time="0.246" >
                <results>
                  <test-case name="TestDisplayBookDetails" executed="True" result="Success" success="True" time="0.000" asserts="0" />
                  <test-case name="TestWriteReview" executed="True" result="Success" success="True" time="0.000" asserts="0" />
                  <test-case name="TestShowWriteReviewView" executed="True" result="Success" success="True" time="0.000" asserts="0" />
                  <test-case name="TestShowLoginView" executed="True" result="Success" success="True" time="0.000" asserts="0" />
                </results>
              </test-suite>
          </results>
        </test-suite>
        <test-suite type="Namespace" name="CustomerReviewServiceTest" executed="true" result="Success" success="True" time="0.217" asserts="0" >
          <results>
              <test-suite type="Fixture" name="TCustomerReviewServiceTest" executed="True" result="Success" success="True" time="0.217" >
                <results>
                  <test-case name="Test_CreateCustomerReview_NewCustomerReview_Inserted" executed="True" result="Success" success="True" time="0.000" asserts="0" />
                  <test-case name="Test_CreateCustomerReview_RatingInRange_PassValidation.Test_Rating_In_Range" executed="True" result="Success" success="True" time="0.000" asserts="0" />
                  <test-case name="Test_CreateCustomerReview_RatingNotInRange_FailValidation.Test_Zero_Rating" executed="True" result="Success" success="True" time="0.000" asserts="0" />
                  <test-case name="Test_CreateCustomerReview_RatingNotInRange_FailValidation.Test_Negative_Rating" executed="True" result="Success" success="True" time="0.000" asserts="0" />
                  <test-case name="Test_CreateCustomerReview_IsTooShort_FailValidation.Test_Empty_Review" executed="True" result="Success" success="True" time="0.000" asserts="0" />
                  <test-case name="Test_CreateCustomerReview_IsTooShort_FailValidation.Test_Review_4_Characters_Only" executed="True" result="Success" success="True" time="0.000" asserts="0" />
                </results>
              </test-suite>
          </results>
        </test-suite>
        <test-suite type="Namespace" name="BookServiceTest" executed="true" result="Success" success="True" time="0.152" asserts="0" >
          <results>
              <test-suite type="Fixture" name="TBookServiceTest" executed="True" result="Success" success="True" time="0.152" >
                <results>
                  <test-case name="Test_CreateBook_NewBook_Inserted" executed="True" result="Success" success="True" time="0.000" asserts="0" />
                  <test-case name="Test_GetBooks_BookList_NotNull" executed="True" result="Success" success="True" time="0.000" asserts="0" />
                  <test-case name="TestGetBookById" executed="True" result="Success" success="True" time="0.000" asserts="0" />
                  <test-case name="Test_UpdateBook_NewBookDetails_EqualToNewDetails" executed="True" result="Success" success="True" time="0.000" asserts="0" />
                  <test-case name="Test_DeleteBook_BookId_NotInDatabase" executed="True" result="Success" success="True" time="0.000" asserts="0" />
                  <test-case name="TestInputValidation.Test_Fields_Not_Empty" executed="True" result="Success" success="True" time="0.000" asserts="0" />
                </results>
              </test-suite>
          </results>
        </test-suite>
        <test-suite type="Namespace" name="BookActiveRecordDaoTest" executed="true" result="Success" success="True" time="0.069" asserts="0" >
          <results>
              <test-suite type="Fixture" name="TBookDAOUnitTests" executed="True" result="Success" success="True" time="0.069" >
                <results>
                  <test-case name="Test_Insert_NewBook_Success" executed="True" result="Success" success="True" time="0.000" asserts="0" />
                  <test-case name="Test_Select_Books_NotNull" executed="True" result="Success" success="True" time="0.000" asserts="0" />
                  <test-case name="Test_SelectWhereId_BookWithId_NotNull" executed="True" result="Success" success="True" time="0.000" asserts="0" />
                  <test-case name="Test_Update_NewBookDetails_EqualToNewDetails" executed="True" result="Success" success="True" time="0.000" asserts="0" />
                  <test-case name="Test_Delete_BookId_NotInDatabase" executed="True" result="Success" success="True" time="0.000" asserts="0" />
                </results>
              </test-suite>
          </results>
        </test-suite>
    </results>
  </test-suite>
</test-results>
